# JRE version: OpenJDK Runtime Environment (8.0) (build 1.8.0-9-microsoft-b00)
# Java VM: OpenJDK 64-Bit Server VM (25.71-b00 mixed mode windows-amd64 compressed oops)
Heap:
 PSYoungGen      total 232960K, used 202311K [0x00000000eab00000, 0x0000000100000000, 0x0000000100000000)
  eden space 116736K, 85% used [0x00000000eab00000,0x00000000f0c2af98,0x00000000f1d00000)
  from space 116224K, 88% used [0x00000000f1d00000,0x00000000f8167008,0x00000000f8e80000)
  to   space 116224K, 0% used [0x00000000f8e80000,0x00000000f8e80000,0x0000000100000000)
 ParOldGen       total 324608K, used 201393K [0x00000000c0000000, 0x00000000d3d00000, 0x00000000eab00000)
  object space 324608K, 62% used [0x00000000c0000000,0x00000000cc4ac7e0,0x00000000d3d00000)
 Metaspace       used 7258K, capacity 7672K, committed 7936K, reserved 1056768K
  class space    used 648K, capacity 688K, committed 768K, reserved 1048576K
GC Heap History (10 events):
Event: 4.311 GC heap before
{Heap before GC invocations=10 (full 1):
 PSYoungGen      total 211968K, used 176564K [0x00000000eab00000, 0x0000000100000000, 0x0000000100000000)
  eden space 151552K, 100% used [0x00000000eab00000,0x00000000f3f00000,0x00000000f3f00000)
  from space 60416K, 41% used [0x00000000fc500000,0x00000000fdd6d0b0,0x0000000100000000)
  to   space 98816K, 0% used [0x00000000f3f00000,0x00000000f3f00000,0x00000000f9f80000)
 ParOldGen       total 324608K, used 174849K [0x00000000c0000000, 0x00000000d3d00000, 0x00000000eab00000)
  object space 324608K, 53% used [0x00000000c0000000,0x00000000caac0620,0x00000000d3d00000)
 Metaspace       used 6880K, capacity 7384K, committed 7680K, reserved 1056768K
  class space    used 632K, capacity 656K, committed 768K, reserved 1048576K
Event: 4.372 GC heap after
Heap after GC invocations=10 (full 1):
 PSYoungGen      total 250368K, used 39187K [0x00000000eab00000, 0x0000000100000000, 0x0000000100000000)
  eden space 151552K, 0% used [0x00000000eab00000,0x00000000eab00000,0x00000000f3f00000)
  from space 98816K, 39% used [0x00000000f3f00000,0x00000000f6544cb8,0x00000000f9f80000)
  to   space 93696K, 0% used [0x00000000fa480000,0x00000000fa480000,0x0000000100000000)
 ParOldGen       total 324608K, used 183409K [0x00000000c0000000, 0x00000000d3d00000, 0x00000000eab00000)
  object space 324608K, 56% used [0x00000000c0000000,0x00000000cb31c620,0x00000000d3d00000)
 Metaspace       used 6880K, capacity 7384K, committed 7680K, reserved 1056768K
  class space    used 632K, capacity 656K, committed 768K, reserved 1048576K
}
Event: 4.618 GC heap before
{Heap before GC invocations=11 (full 1):
 PSYoungGen      total 250368K, used 190739K [0x00000000eab00000, 0x0000000100000000, 0x0000000100000000)
  eden space 151552K, 100% used [0x00000000eab00000,0x00000000f3f00000,0x00000000f3f00000)
  from space 98816K, 39% used [0x00000000f3f00000,0x00000000f6544cb8,0x00000000f9f80000)
  to   space 93696K, 0% used [0x00000000fa480000,0x00000000fa480000,0x0000000100000000)
 ParOldGen       total 324608K, used 183409K [0x00000000c0000000, 0x00000000d3d00000, 0x00000000eab00000)
  object space 324608K, 56% used [0x00000000c0000000,0x00000000cb31c620,0x00000000d3d00000)
 Metaspace       used 6882K, capacity 7384K, committed 7680K, reserved 1056768K
  class space    used 632K, capacity 656K, committed 768K, reserved 1048576K
Event: 4.664 GC heap after
Heap after GC invocations=11 (full 1):
 PSYoungGen      total 247296K, used 59700K [0x00000000eab00000, 0x00000000ffd00000, 0x0000000100000000)
  eden space 156672K, 0% used [0x00000000eab00000,0x00000000eab00000,0x00000000f4400000)
  from space 90624K, 65% used [0x00000000fa480000,0x00000000fdecd3e0,0x00000000ffd00000)
  to   space 94720K, 0% used [0x00000000f4400000,0x00000000f4400000,0x00000000fa080000)
 ParOldGen       total 324608K, used 183409K [0x00000000c0000000, 0x00000000d3d00000, 0x00000000eab00000)
  object space 324608K, 56% used [0x00000000c0000000,0x00000000cb31c620,0x00000000d3d00000)
 Metaspace       used 6882K, capacity 7384K, committed 7680K, reserved 1056768K
  class space    used 632K, capacity 656K, committed 768K, reserved 1048576K
}
Event: 4.905 GC heap before
{Heap before GC invocations=12 (full 1):
 PSYoungGen      total 247296K, used 216372K [0x00000000eab00000, 0x00000000ffd00000, 0x0000000100000000)
  eden space 156672K, 100% used [0x00000000eab00000,0x00000000f4400000,0x00000000f4400000)
  from space 90624K, 65% used [0x00000000fa480000,0x00000000fdecd3e0,0x00000000ffd00000)
  to   space 94720K, 0% used [0x00000000f4400000,0x00000000f4400000,0x00000000fa080000)
 ParOldGen       total 324608K, used 183409K [0x00000000c0000000, 0x00000000d3d00000, 0x00000000eab00000)
  object space 324608K, 56% used [0x00000000c0000000,0x00000000cb31c620,0x00000000d3d00000)
 Metaspace       used 6896K, capacity 7384K, committed 7680K, reserved 1056768K
  class space    used 632K, capacity 656K, committed 768K, reserved 1048576K
Event: 4.945 GC heap after
Heap after GC invocations=12 (full 1):
 PSYoungGen      total 237568K, used 80742K [0x00000000eab00000, 0x0000000100000000, 0x0000000100000000)
  eden space 156672K, 0% used [0x00000000eab00000,0x00000000eab00000,0x00000000f4400000)
  from space 80896K, 99% used [0x00000000f4400000,0x00000000f92d9b08,0x00000000f9300000)
  to   space 102400K, 0% used [0x00000000f9c00000,0x00000000f9c00000,0x0000000100000000)
 ParOldGen       total 324608K, used 183409K [0x00000000c0000000, 0x00000000d3d00000, 0x00000000eab00000)
  object space 324608K, 56% used [0x00000000c0000000,0x00000000cb31c620,0x00000000d3d00000)
 Metaspace       used 6896K, capacity 7384K, committed 7680K, reserved 1056768K
  class space    used 632K, capacity 656K, committed 768K, reserved 1048576K
}
Event: 5.151 GC heap before
{Heap before GC invocations=13 (full 1):
 PSYoungGen      total 237568K, used 237414K [0x00000000eab00000, 0x0000000100000000, 0x0000000100000000)
  eden space 156672K, 100% used [0x00000000eab00000,0x00000000f4400000,0x00000000f4400000)
  from space 80896K, 99% used [0x00000000f4400000,0x00000000f92d9b08,0x00000000f9300000)
  to   space 102400K, 0% used [0x00000000f9c00000,0x00000000f9c00000,0x0000000100000000)
 ParOldGen       total 324608K, used 183409K [0x00000000c0000000, 0x00000000d3d00000, 0x00000000eab00000)
  object space 324608K, 56% used [0x00000000c0000000,0x00000000cb31c620,0x00000000d3d00000)
 Metaspace       used 6899K, capacity 7384K, committed 7680K, reserved 1056768K
  class space    used 632K, capacity 656K, committed 768K, reserved 1048576K
Event: 5.201 GC heap after
Heap after GC invocations=13 (full 1):
 PSYoungGen      total 219136K, used 102399K [0x00000000eab00000, 0x0000000100000000, 0x0000000100000000)
  eden space 116736K, 0% used [0x00000000eab00000,0x00000000eab00000,0x00000000f1d00000)
  from space 102400K, 99% used [0x00000000f9c00000,0x00000000fffffd88,0x0000000100000000)
  to   space 116224K, 0% used [0x00000000f1d00000,0x00000000f1d00000,0x00000000f8e80000)
 ParOldGen       total 324608K, used 184894K [0x00000000c0000000, 0x00000000d3d00000, 0x00000000eab00000)
  object space 324608K, 56% used [0x00000000c0000000,0x00000000cb48fb20,0x00000000d3d00000)
 Metaspace       used 6899K, capacity 7384K, committed 7680K, reserved 1056768K
  class space    used 632K, capacity 656K, committed 768K, reserved 1048576K
}
Event: 5.360 GC heap before
{Heap before GC invocations=14 (full 1):
 PSYoungGen      total 219136K, used 219135K [0x00000000eab00000, 0x0000000100000000, 0x0000000100000000)
  eden space 116736K, 100% used [0x00000000eab00000,0x00000000f1d00000,0x00000000f1d00000)
  from space 102400K, 99% used [0x00000000f9c00000,0x00000000fffffd88,0x0000000100000000)
  to   space 116224K, 0% used [0x00000000f1d00000,0x00000000f1d00000,0x00000000f8e80000)
 ParOldGen       total 324608K, used 184894K [0x00000000c0000000, 0x00000000d3d00000, 0x00000000eab00000)
  object space 324608K, 56% used [0x00000000c0000000,0x00000000cb48fb20,0x00000000d3d00000)
 Metaspace       used 6899K, capacity 7384K, committed 7680K, reserved 1056768K
  class space    used 632K, capacity 656K, committed 768K, reserved 1048576K
Event: 5.416 GC heap after
Heap after GC invocations=14 (full 1):
 PSYoungGen      total 232960K, used 102812K [0x00000000eab00000, 0x0000000100000000, 0x0000000100000000)
  eden space 116736K, 0% used [0x00000000eab00000,0x00000000eab00000,0x00000000f1d00000)
  from space 116224K, 88% used [0x00000000f1d00000,0x00000000f8167008,0x00000000f8e80000)
  to   space 116224K, 0% used [0x00000000f8e80000,0x00000000f8e80000,0x0000000100000000)
 ParOldGen       total 324608K, used 201393K [0x00000000c0000000, 0x00000000d3d00000, 0x00000000eab00000)
  object space 324608K, 62% used [0x00000000c0000000,0x00000000cc4ac7e0,0x00000000d3d00000)
 Metaspace       used 6899K, capacity 7384K, committed 7680K, reserved 1056768K
  class space    used 632K, capacity 656K, committed 768K, reserved 1048576K
}

