# JRE version: OpenJDK Runtime Environment (8.0) (build 1.8.0-9-microsoft-b00)
# Java VM: OpenJDK 64-Bit Server VM (25.71-b00 mixed mode windows-amd64 compressed oops)
Heap:
 PSYoungGen      total 209408K, used 60914K [0x00000000eab00000, 0x0000000100000000, 0x0000000100000000)
  eden space 148480K, 0% used [0x00000000eab00000,0x00000000eab00000,0x00000000f3c00000)
  from space 60928K, 99% used [0x00000000fc480000,0x00000000ffffcbb0,0x0000000100000000)
  to   space 100352K, 0% used [0x00000000f3c00000,0x00000000f3c00000,0x00000000f9e00000)
 ParOldGen       total 175104K, used 148169K [0x00000000c0000000, 0x00000000cab00000, 0x00000000eab00000)
  object space 175104K, 84% used [0x00000000c0000000,0x00000000c90b2680,0x00000000cab00000)
 Metaspace       used 6891K, capacity 7384K, committed 7680K, reserved 1056768K
  class space    used 632K, capacity 656K, committed 768K, reserved 1048576K
GC Heap History (10 events):
Event: 1.276 GC heap after
Heap after GC invocations=4 (full 0):
 PSYoungGen      total 272896K, used 10733K [0x00000000eab00000, 0x00000000fc000000, 0x0000000100000000)
  eden space 262144K, 0% used [0x00000000eab00000,0x00000000eab00000,0x00000000fab00000)
  from space 10752K, 99% used [0x00000000fb580000,0x00000000fbffb408,0x00000000fc000000)
  to   space 10752K, 0% used [0x00000000fab00000,0x00000000fab00000,0x00000000fb580000)
 ParOldGen       total 175104K, used 57506K [0x00000000c0000000, 0x00000000cab00000, 0x00000000eab00000)
  object space 175104K, 32% used [0x00000000c0000000,0x00000000c3828bc8,0x00000000cab00000)
 Metaspace       used 6767K, capacity 7320K, committed 7680K, reserved 1056768K
  class space    used 631K, capacity 656K, committed 768K, reserved 1048576K
}
Event: 1.950 GC heap before
{Heap before GC invocations=5 (full 0):
 PSYoungGen      total 272896K, used 272877K [0x00000000eab00000, 0x00000000fc000000, 0x0000000100000000)
  eden space 262144K, 100% used [0x00000000eab00000,0x00000000fab00000,0x00000000fab00000)
  from space 10752K, 99% used [0x00000000fb580000,0x00000000fbffb408,0x00000000fc000000)
  to   space 10752K, 0% used [0x00000000fab00000,0x00000000fab00000,0x00000000fb580000)
 ParOldGen       total 175104K, used 57506K [0x00000000c0000000, 0x00000000cab00000, 0x00000000eab00000)
  object space 175104K, 32% used [0x00000000c0000000,0x00000000c3828bc8,0x00000000cab00000)
 Metaspace       used 6857K, capacity 7384K, committed 7680K, reserved 1056768K
  class space    used 632K, capacity 656K, committed 768K, reserved 1048576K
Event: 1.992 GC heap after
Heap after GC invocations=5 (full 0):
 PSYoungGen      total 272896K, used 10750K [0x00000000eab00000, 0x0000000100000000, 0x0000000100000000)
  eden space 262144K, 0% used [0x00000000eab00000,0x00000000eab00000,0x00000000fab00000)
  from space 10752K, 99% used [0x00000000fab00000,0x00000000fb57f8e0,0x00000000fb580000)
  to   space 55296K, 0% used [0x00000000fca00000,0x00000000fca00000,0x0000000100000000)
 ParOldGen       total 175104K, used 95150K [0x00000000c0000000, 0x00000000cab00000, 0x00000000eab00000)
  object space 175104K, 54% used [0x00000000c0000000,0x00000000c5cebbf8,0x00000000cab00000)
 Metaspace       used 6857K, capacity 7384K, committed 7680K, reserved 1056768K
  class space    used 632K, capacity 656K, committed 768K, reserved 1048576K
}
Event: 2.489 GC heap before
{Heap before GC invocations=6 (full 0):
 PSYoungGen      total 272896K, used 272894K [0x00000000eab00000, 0x0000000100000000, 0x0000000100000000)
  eden space 262144K, 100% used [0x00000000eab00000,0x00000000fab00000,0x00000000fab00000)
  from space 10752K, 99% used [0x00000000fab00000,0x00000000fb57f8e0,0x00000000fb580000)
  to   space 55296K, 0% used [0x00000000fca00000,0x00000000fca00000,0x0000000100000000)
 ParOldGen       total 175104K, used 95150K [0x00000000c0000000, 0x00000000cab00000, 0x00000000eab00000)
  object space 175104K, 54% used [0x00000000c0000000,0x00000000c5cebbf8,0x00000000cab00000)
 Metaspace       used 6873K, capacity 7384K, committed 7680K, reserved 1056768K
  class space    used 632K, capacity 656K, committed 768K, reserved 1048576K
Event: 2.561 GC heap after
Heap after GC invocations=6 (full 0):
 PSYoungGen      total 282624K, used 47198K [0x00000000eab00000, 0x0000000100000000, 0x0000000100000000)
  eden space 227328K, 0% used [0x00000000eab00000,0x00000000eab00000,0x00000000f8900000)
  from space 55296K, 85% used [0x00000000fca00000,0x00000000ff817950,0x0000000100000000)
  to   space 60928K, 0% used [0x00000000f8900000,0x00000000f8900000,0x00000000fc480000)
 ParOldGen       total 175104K, used 95150K [0x00000000c0000000, 0x00000000cab00000, 0x00000000eab00000)
  object space 175104K, 54% used [0x00000000c0000000,0x00000000c5cebbf8,0x00000000cab00000)
 Metaspace       used 6873K, capacity 7384K, committed 7680K, reserved 1056768K
  class space    used 632K, capacity 656K, committed 768K, reserved 1048576K
}
Event: 3.030 GC heap before
{Heap before GC invocations=7 (full 0):
 PSYoungGen      total 282624K, used 274526K [0x00000000eab00000, 0x0000000100000000, 0x0000000100000000)
  eden space 227328K, 100% used [0x00000000eab00000,0x00000000f8900000,0x00000000f8900000)
  from space 55296K, 85% used [0x00000000fca00000,0x00000000ff817950,0x0000000100000000)
  to   space 60928K, 0% used [0x00000000f8900000,0x00000000f8900000,0x00000000fc480000)
 ParOldGen       total 175104K, used 95150K [0x00000000c0000000, 0x00000000cab00000, 0x00000000eab00000)
  object space 175104K, 54% used [0x00000000c0000000,0x00000000c5cebbf8,0x00000000cab00000)
 Metaspace       used 6885K, capacity 7384K, committed 7680K, reserved 1056768K
  class space    used 632K, capacity 656K, committed 768K, reserved 1048576K
Event: 3.095 GC heap after
Heap after GC invocations=7 (full 0):
 PSYoungGen      total 288256K, used 60896K [0x00000000eab00000, 0x0000000100000000, 0x0000000100000000)
  eden space 227328K, 0% used [0x00000000eab00000,0x00000000eab00000,0x00000000f8900000)
  from space 60928K, 99% used [0x00000000f8900000,0x00000000fc4783f8,0x00000000fc480000)
  to   space 60928K, 0% used [0x00000000fc480000,0x00000000fc480000,0x0000000100000000)
 ParOldGen       total 175104K, used 114023K [0x00000000c0000000, 0x00000000cab00000, 0x00000000eab00000)
  object space 175104K, 65% used [0x00000000c0000000,0x00000000c6f59c28,0x00000000cab00000)
 Metaspace       used 6885K, capacity 7384K, committed 7680K, reserved 1056768K
  class space    used 632K, capacity 656K, committed 768K, reserved 1048576K
}
Event: 3.441 GC heap before
{Heap before GC invocations=8 (full 0):
 PSYoungGen      total 288256K, used 288224K [0x00000000eab00000, 0x0000000100000000, 0x0000000100000000)
  eden space 227328K, 100% used [0x00000000eab00000,0x00000000f8900000,0x00000000f8900000)
  from space 60928K, 99% used [0x00000000f8900000,0x00000000fc4783f8,0x00000000fc480000)
  to   space 60928K, 0% used [0x00000000fc480000,0x00000000fc480000,0x0000000100000000)
 ParOldGen       total 175104K, used 114023K [0x00000000c0000000, 0x00000000cab00000, 0x00000000eab00000)
  object space 175104K, 65% used [0x00000000c0000000,0x00000000c6f59c28,0x00000000cab00000)
 Metaspace       used 6891K, capacity 7384K, committed 7680K, reserved 1056768K
  class space    used 632K, capacity 656K, committed 768K, reserved 1048576K
Event: 3.524 GC heap after
Heap after GC invocations=8 (full 0):
 PSYoungGen      total 209408K, used 60914K [0x00000000eab00000, 0x0000000100000000, 0x0000000100000000)
  eden space 148480K, 0% used [0x00000000eab00000,0x00000000eab00000,0x00000000f3c00000)
  from space 60928K, 99% used [0x00000000fc480000,0x00000000ffffcbb0,0x0000000100000000)
  to   space 100352K, 0% used [0x00000000f3c00000,0x00000000f3c00000,0x00000000f9e00000)
 ParOldGen       total 175104K, used 148169K [0x00000000c0000000, 0x00000000cab00000, 0x00000000eab00000)
  object space 175104K, 84% used [0x00000000c0000000,0x00000000c90b2680,0x00000000cab00000)
 Metaspace       used 6891K, capacity 7384K, committed 7680K, reserved 1056768K
  class space    used 632K, capacity 656K, committed 768K, reserved 1048576K
}
Event: 3.524 GC heap before
{Heap before GC invocations=9 (full 1):
 PSYoungGen      total 209408K, used 60914K [0x00000000eab00000, 0x0000000100000000, 0x0000000100000000)
  eden space 148480K, 0% used [0x00000000eab00000,0x00000000eab00000,0x00000000f3c00000)
  from space 60928K, 99% used [0x00000000fc480000,0x00000000ffffcbb0,0x0000000100000000)
  to   space 100352K, 0% used [0x00000000f3c00000,0x00000000f3c00000,0x00000000f9e00000)
 ParOldGen       total 175104K, used 148169K [0x00000000c0000000, 0x00000000cab00000, 0x00000000eab00000)
  object space 175104K, 84% used [0x00000000c0000000,0x00000000c90b2680,0x00000000cab00000)
 Metaspace       used 6891K, capacity 7384K, committed 7680K, reserved 1056768K
  class space    used 632K, capacity 656K, committed 768K, reserved 1048576K

